<?xml version="1.0" encoding="UTF-8"?>
<testsuite name="ApplicationTest" tests="1" skipped="0" failures="0" errors="0" timestamp="2025-06-21T22:48:32" hostname="LAPTOP-5PSGC53T" time="0.025">
  <properties/>
  <testcase name="test()" classname="ApplicationTest" time="0.025"/>
  <system-out><![CDATA[hello
]]></system-out>
  <system-err><![CDATA[]]></system-err>
</testsuite>
